════════════════════════════════════════════════════════════════════════════════
3SEQ -- Info Mode
════════════════════════════════════════════════════════════════════════════════

COMMAND:
  -i test-data/den2.aln

Number of sequences          :  69
Number of distinct sequences :  66
Number of comparisons        :  314364

Original sequence length is 1485 nt.
Using 1485 positions, from 1 to 1485 inclusive.

Number of polymorphic sites is 618. Using only polymorphic sites:
    bi: 497 - tri: 107 - tetra: 14

Number of polymorphic sites where there are no gaps :  618/618

Watterson's Theta            :  145.958
Watterson's Theta (per site) :  0.0982879

Min  pairwise-distance between strains :  0
Max  pairwise-distance between strains :  236
Mean pairwise-distance between strains :  86.8414
Mean pairwise-distance per site (pi)   :  0.0584791

Notes:
   AA-- and --AA are distinct but the pairwise-distance between them is zero.

════════════════════════════════════════════════════════════════════════════════


                                            ╔══════════════════════════════════╗
                                            ║ Log saved at 2021/11/03 12:55:03 ║
                                            ╚══════════════════════════════════╝

